{"level":"info","message":"GET /"}
{"level":"info","message":"POST /api/auth/register"}
{"level":"info","message":"POST /api/auth/login"}
{"level":"info","message":"POST /api/posts/add"}
{"level":"info","message":"POST /api/posts/add"}
{"level":"info","message":"POST /api/posts/add"}
{"level":"info","message":"POST /api/posts/add"}
{"level":"info","message":"POST /api/posts/add"}
{"level":"info","message":"POST /api/posts/add"}
{"level":"info","message":"POST /api/posts/add"}
{"level":"info","message":"POST /api/posts/add"}
{"level":"error","message":"Post validation failed: description: Path `description` is required., title: Path `title` is required."}
{"level":"info","message":"POST /api/posts/add"}
{"level":"error","message":"Post validation failed: description: Path `description` is required., title: Path `title` is required."}
{"level":"info","message":"POST /api/posts/add"}
{"level":"error","message":"Post validation failed: description: Path `description` is required., title: Path `title` is required."}
{"level":"info","message":"POST /api/posts/add"}
{"level":"info","message":"POST /api/posts/add"}
{"level":"info","message":"POST /api/posts/add"}
{"level":"info","message":"POST /api/posts/add"}
{"level":"info","message":"POST /api/posts/add"}
{"level":"info","message":"POST /api/posts/add"}
{"level":"info","message":"POST /api/posts/add"}
{"level":"info","message":"POST /api/posts/add"}
{"level":"info","message":"POST /api/posts/add"}
{"level":"error","message":"Post validation failed: description: Path `description` is required., title: Path `title` is required."}
{"level":"info","message":"POST /api/posts/add"}
{"level":"error","message":"Post validation failed: description: Path `description` is required., title: Path `title` is required."}
{"level":"info","message":"POST /api/posts/add"}
{"level":"error","message":"Post validation failed: description: Path `description` is required., title: Path `title` is required."}
{"level":"info","message":"POST /api/posts/add"}
{"level":"error","message":"Post validation failed: description: Path `description` is required., title: Path `title` is required."}
{"level":"info","message":"POST /api/posts/add"}
{"level":"error","message":"Post validation failed: description: Path `description` is required., title: Path `title` is required."}
{"level":"info","message":"POST /api/auth/login"}
{"level":"info","message":"POST /api/posts/add"}
{"level":"info","message":"POST /api/posts/add"}
{"level":"info","message":"POST /api/posts/add"}
{"level":"info","message":"POST /api/posts/add"}
{"level":"info","message":"POST /api/posts/add"}
{"level":"info","message":"POST /api/posts/add"}
{"level":"info","message":"POST /api/posts/add"}
{"level":"info","message":"POST /api/posts/add"}
{"level":"info","message":"POST /api/posts/add"}
{"level":"info","message":"POST /api/posts/add"}
{"level":"info","message":"POST /api/posts/add"}
{"level":"info","message":"POST /api/posts/add"}
{"level":"info","message":"POST /api/posts/add"}
{"level":"info","message":"POST /api/posts/add"}
{"level":"info","message":"POST /api/posts/add"}
{"level":"info","message":"POST /api/posts/add"}
{"level":"info","message":"POST /api/posts/add"}
{"level":"info","message":"PUT /api/posts/edit/67bb6250fdab548c876150af"}
{"level":"error","message":"Post not found or unauthorized"}
{"level":"info","message":"PUT /api/posts/edit/67bb6250fdab548c876150af"}
{"level":"error","message":"Post not found or unauthorized"}
{"level":"info","message":"PUT /api/posts/edit/67bb6250fdab548c876150af"}
{"level":"error","message":"Post not found or unauthorized"}
{"level":"info","message":"PUT /api/posts/edit/67bb6250fdab548c876150af"}
{"level":"error","message":"Post not found or unauthorized"}
{"level":"info","message":"PUT /api/posts/edit/67bb6250fdab548c876150af"}
{"level":"error","message":"Post not found or unauthorized"}
{"level":"info","message":"PUT /api/posts/edit/67bc1383fa4a97abdedd0ae2"}
{"level":"info","message":"DELETE /api/posts/delete/67bc1383fa4a97abdedd0ae2"}
{"level":"info","message":"POST /api/posts/all"}
{"level":"info","message":"GET /api/posts/all"}
{"level":"info","message":"GET /api/posts/self"}
{"level":"info","message":"POST /api//auth/login"}
{"level":"info","message":"POST /api//auth/login"}
{"level":"info","message":"POST /api/auth/login"}
{"level":"info","message":"POST /api/auth/login"}
{"level":"info","message":"POST /api/auth/login"}
{"level":"info","message":"POST /api/auth/register"}
{"level":"info","message":"POST /api/auth/register"}
{"level":"info","message":"POST /api/auth/register"}
{"level":"info","message":"POST /api/auth/register"}
{"level":"info","message":"POST /api/auth/register"}
{"level":"info","message":"POST /api/auth/register"}
{"level":"info","message":"POST /api/auth/register"}
{"level":"info","message":"POST /api/auth/register"}
{"level":"info","message":"POST /api/auth/register"}
{"level":"info","message":"POST /api/auth/login"}
{"level":"info","message":"POST /api/auth/register"}
{"level":"info","message":"POST /api/auth/register"}
{"level":"info","message":"POST /api/auth/register"}
{"level":"info","message":"POST /api/auth/register"}
{"level":"info","message":"POST /api/auth/register"}
{"level":"info","message":"POST /api/auth/register"}
{"level":"info","message":"POST /api/auth/register"}
{"level":"info","message":"POST /api/auth/register"}
{"level":"info","message":"POST /api/auth/register"}
{"level":"info","message":"POST /api/auth/register"}
{"level":"info","message":"POST /api/auth/register"}
{"level":"info","message":"POST /api/auth/register"}
{"level":"info","message":"POST /api/auth/register"}
{"level":"info","message":"POST /api/auth/register"}
{"level":"info","message":"POST /api/auth/register"}
{"level":"info","message":"POST /api/auth/register"}
{"level":"info","message":"POST /api/auth/register"}
{"level":"info","message":"POST /api/auth/login"}
{"level":"info","message":"POST /api/auth/login"}
{"level":"info","message":"POST /api/auth/login"}
{"level":"info","message":"POST /api/auth/login"}
{"level":"info","message":"POST /api/auth/register"}
{"level":"info","message":"POST /api/auth/login"}
{"level":"info","message":"POST /api/auth/login"}
{"level":"info","message":"POST /api/auth/login"}
{"level":"info","message":"POST /api/auth/login"}
{"level":"info","message":"POST /api/auth/login"}
{"level":"info","message":"POST /api/auth/login"}
{"level":"info","message":"POST /api/auth/login"}
{"level":"info","message":"POST /api/auth/register"}
{"level":"info","message":"POST /api/auth/login"}
{"level":"info","message":"POST /api/auth/login"}
{"level":"info","message":"POST /api/auth/login"}
{"level":"info","message":"POST /api/auth/login"}
{"level":"info","message":"POST /api/auth/login"}
{"level":"info","message":"POST /api/auth/login"}
{"level":"info","message":"POST /api/auth/login"}
{"level":"info","message":"POST /api/auth/login"}
{"level":"info","message":"POST /api/auth/login"}
{"level":"info","message":"GET /api/auth/login"}
{"level":"info","message":"POST /api/auth/login"}
{"level":"info","message":"POST /api/auth/login"}
{"level":"info","message":"POST /api/auth/login"}
{"level":"info","message":"POST /api/auth/login"}
{"level":"info","message":"POST /api/auth/login"}
{"level":"info","message":"POST /api/auth/login"}
{"level":"info","message":"POST /api/auth/login"}
{"level":"info","message":"POST /api/auth/login"}
{"level":"info","message":"POST /api/auth/login"}
{"level":"info","message":"POST /api/auth/login"}
{"level":"info","message":"POST /api/auth/login"}
{"level":"info","message":"POST /api/auth/login"}
{"level":"info","message":"POST /api/auth/login"}
{"level":"info","message":"POST /api/auth/login"}
{"level":"info","message":"POST /api/auth/login"}
{"level":"info","message":"POST /api/auth/login"}
{"level":"info","message":"POST /api/auth/login"}
{"level":"info","message":"POST /api/auth/login"}
{"level":"info","message":"POST /api/auth/login"}
{"level":"info","message":"POST /api/auth/login"}
{"level":"info","message":"POST /api/auth/login"}
{"level":"info","message":"POST /api/auth/login"}
{"level":"info","message":"POST /api/auth/login"}
{"level":"info","message":"POST /api/auth/login"}
{"level":"info","message":"POST /api/auth/login"}
{"level":"info","message":"POST /api/auth/login"}
{"level":"info","message":"POST /api/auth/login"}
{"level":"info","message":"POST /api/auth/login"}
{"level":"info","message":"POST /api/auth/login"}
{"level":"info","message":"POST /api/auth/login"}
{"level":"info","message":"POST /api/auth/login"}
{"level":"info","message":"POST /api/auth/login"}
{"level":"info","message":"PUT /api/posts/edit/67bc1383fa4a97abdedd0ae2"}
{"level":"error","message":"Post not found or unauthorized"}
{"level":"info","message":"POST /api/posts/add"}
{"level":"info","message":"POST /api/posts/add"}
{"level":"info","message":"POST /api/posts/add"}
{"level":"info","message":"POST /api/posts/add"}
{"level":"info","message":"POST /api/posts/add"}
{"level":"info","message":"POST /api/posts/add"}
{"level":"info","message":"POST /api/posts/add"}
{"level":"info","message":"POST /api/posts/add"}
{"level":"info","message":"POST /api/posts/add"}
{"level":"info","message":"POST /api/posts/add"}
{"level":"info","message":"POST /api/posts/add"}
{"level":"info","message":"POST /api/posts/add"}
{"level":"info","message":"POST /api/posts/add"}
{"level":"info","message":"POST /api/posts/add"}
{"level":"info","message":"POST /api/posts/add"}
{"level":"info","message":"POST /api/posts/add"}
{"level":"info","message":"POST /api/posts/add"}
{"level":"info","message":"POST /api/posts/add"}
{"level":"info","message":"POST /api/posts/add"}
{"level":"info","message":"POST /api/posts/add"}
{"level":"info","message":"POST /api/posts/add"}
{"level":"info","message":"POST /api/posts/add"}
{"level":"info","message":"POST /api/posts/add"}
{"level":"info","message":"POST /api/posts/add"}
{"level":"info","message":"POST /api/posts/add"}
{"level":"info","message":"POST /api/posts/add"}
{"level":"info","message":"POST /api/posts/add"}
{"level":"info","message":"POST /api/posts/add"}
{"level":"info","message":"POST /api/posts/add"}
{"level":"info","message":"POST /api/posts/add"}
{"level":"info","message":"POST /api/posts/add"}
{"level":"info","message":"POST /api/posts/add"}
{"level":"info","message":"POST /api/posts/add"}
{"level":"info","message":"POST /api/posts/add"}
{"level":"info","message":"POST /api/posts/add"}
{"level":"info","message":"POST /api/posts/add"}
{"level":"info","message":"POST /api/posts/add"}
{"level":"info","message":"POST /api/posts/add"}
{"level":"info","message":"POST /api/posts/add"}
{"level":"info","message":"POST /api/posts/add"}
{"level":"info","message":"POST /api/posts/add"}
{"level":"info","message":"POST /api/posts/add"}
{"level":"info","message":"POST /api/posts/add"}
{"level":"info","message":"POST /api/posts/add"}
{"level":"info","message":"POST /api/posts/add"}
{"level":"info","message":"POST /api/posts/add"}
{"level":"info","message":"POST /api/posts/add"}
{"level":"info","message":"POST /api/posts/add"}
{"level":"info","message":"POST /api/posts/add"}
{"level":"info","message":"POST /api/posts/add"}
{"level":"info","message":"POST /api/posts/add"}
{"level":"info","message":"POST /api/posts/add"}
{"level":"info","message":"POST /api/posts/add"}
{"level":"info","message":"POST /api/posts/add"}
{"level":"info","message":"POST /api/posts/add"}
{"level":"info","message":"POST /api/posts/add"}
{"level":"info","message":"POST /api/posts/add"}
{"level":"info","message":"POST /api/posts/add"}
{"level":"info","message":"POST /api/posts/add"}
{"level":"info","message":"POST /api/posts/add"}
{"level":"info","message":"POST /api/posts/add"}
{"level":"info","message":"POST /api/posts/add"}
{"level":"info","message":"POST /api/posts/add"}
{"level":"info","message":"POST /api/posts/add"}
{"level":"info","message":"POST /api/posts/add"}
{"level":"info","message":"POST /api/posts/add"}
{"level":"info","message":"POST /api/posts/add"}
{"level":"info","message":"POST /api/posts/add"}
{"level":"info","message":"POST /api/posts/add"}
{"level":"info","message":"POST /api/posts/add"}
{"level":"info","message":"POST /api/posts/add"}
{"level":"info","message":"POST /api/posts/add"}
{"level":"info","message":"POST /api/posts/add"}
{"level":"info","message":"POST /api/posts/add"}
{"level":"info","message":"POST /api/posts/add"}
{"level":"info","message":"POST /api/posts/add"}
{"level":"info","message":"POST /api/posts/add"}
{"level":"info","message":"POST /api/posts/add"}
{"level":"info","message":"POST /api/posts/add"}
{"level":"info","message":"POST /api/posts/add"}
{"level":"info","message":"POST /api/posts/add"}
{"level":"info","message":"GET /api/posts/all"}
{"level":"info","message":"GET /api/posts/all"}
{"level":"info","message":"GET /api/posts/all"}
{"level":"info","message":"GET /api/posts/self"}
{"level":"info","message":"POST /api/auth/login"}
{"level":"info","message":"POST /api/auth/login"}
{"level":"info","message":"POST /api/auth/login"}
{"level":"info","message":"POST /api/auth/login"}
{"level":"info","message":"GET /api/posts/all"}
{"level":"info","message":"GET /api/posts/all"}
{"level":"info","message":"POST /api/posts/add"}
{"level":"info","message":"POST /api/posts/add"}
{"level":"info","message":"POST /api/posts/add"}
{"level":"info","message":"POST /api/posts/add"}
{"level":"info","message":"POST /api/posts/add"}
{"level":"info","message":"POST /api/posts/add"}
{"level":"info","message":"GET /api/posts/all"}
{"level":"info","message":"GET /api/posts/all"}
{"level":"info","message":"POST /api/posts/add"}
{"level":"info","message":"GET /api/posts/all"}
{"level":"info","message":"GET /api/posts/all"}
{"level":"info","message":"POST /api/posts/add"}
{"level":"info","message":"POST /api/posts/add"}
{"level":"info","message":"POST /api/posts/add"}
{"level":"info","message":"POST /api/posts/add"}
{"level":"info","message":"POST /api/posts/add"}
{"level":"info","message":"POST /api/posts/add"}
{"level":"info","message":"GET /api/posts/all"}
{"level":"info","message":"GET /api/posts/all"}
{"level":"info","message":"GET /api/posts/all"}
{"level":"info","message":"GET /api/posts/all"}
{"level":"info","message":"POST /api/posts/add"}
{"level":"info","message":"POST /api/posts/add"}
{"level":"info","message":"GET /api/posts/all"}
{"level":"info","message":"GET /api/posts/all"}
{"level":"info","message":"POST /api/auth/login"}
{"level":"info","message":"POST /api/auth/login"}
{"level":"info","message":"POST /api/auth/login"}
{"level":"info","message":"GET /api/posts/all"}
{"level":"info","message":"GET /api/posts/all"}
{"level":"info","message":"GET /api/posts/all"}
{"level":"info","message":"GET /api/posts/all"}
{"level":"info","message":"GET /api/posts/all"}
{"level":"info","message":"GET /api/posts/all"}
{"level":"info","message":"GET /api/posts/all"}
{"level":"info","message":"GET /api/posts/all"}
{"level":"info","message":"GET /api/posts/all"}
{"level":"info","message":"GET /api/posts/all"}
{"level":"info","message":"POST /api/posts/add"}
{"level":"info","message":"GET /api/posts/all"}
{"level":"info","message":"GET /api/posts/all"}
{"level":"info","message":"POST /api/posts/add"}
{"level":"info","message":"GET /api/posts/all"}
{"level":"info","message":"GET /api/posts/all"}
{"level":"info","message":"POST /api/posts/add"}
{"level":"info","message":"GET /api/posts/all"}
{"level":"info","message":"GET /api/posts/all"}
{"level":"info","message":"POST /api/posts/add"}
{"level":"info","message":"POST /api/posts/add"}
{"level":"info","message":"POST /api/posts/add"}
{"level":"info","message":"POST /api/posts/add"}
{"level":"info","message":"POST /api/posts/add"}
{"level":"info","message":"POST /api/posts/add"}
{"level":"info","message":"POST /api/posts/add"}
{"level":"info","message":"POST /api/posts/add"}
{"level":"info","message":"POST /api/posts/add"}
{"level":"info","message":"POST /api/posts/add"}
{"level":"info","message":"POST /api/posts/add"}
{"level":"info","message":"POST /api/posts/add"}
{"level":"info","message":"POST /api/posts/add"}
{"level":"info","message":"POST /api/posts/add"}
{"level":"info","message":"GET /api/posts/all"}
{"level":"info","message":"GET /api/posts/all"}
{"level":"info","message":"GET /api/posts/all"}
{"level":"info","message":"GET /api/posts/all"}
{"level":"info","message":"POST /api/auth/login"}
{"level":"info","message":"GET /api/posts/all"}
{"level":"info","message":"GET /api/posts/all"}
{"level":"info","message":"GET /api/posts/all"}
{"level":"info","message":"GET /api/posts/all"}
{"level":"info","message":"POST /api/auth/login"}
{"level":"info","message":"GET /api/posts/all"}
{"level":"info","message":"GET /api/posts/all"}
{"level":"info","message":"POST /api/posts/add"}
{"level":"info","message":"POST /api/posts/add"}
{"level":"info","message":"GET /api/posts/all"}
{"level":"info","message":"GET /api/posts/all"}
{"level":"info","message":"GET /api/posts/all"}
{"level":"info","message":"GET /api/posts/all"}
{"level":"info","message":"POST /api/posts/add"}
{"level":"info","message":"POST /api/posts/add"}
{"level":"info","message":"POST /api/posts/add"}
{"level":"info","message":"POST /api/posts/add"}
{"level":"info","message":"POST /api/posts/add"}
{"level":"info","message":"POST /api/posts/add"}
{"level":"info","message":"GET /api/posts/all"}
{"level":"info","message":"GET /api/posts/all"}
{"level":"info","message":"GET /api/posts/all"}
{"level":"info","message":"GET /api/posts/all"}
{"level":"info","message":"POST /api/auth/login"}
{"level":"info","message":"GET /api/posts/all"}
{"level":"info","message":"GET /api/posts/all"}
{"level":"info","message":"POST /api/posts/add"}
{"level":"info","message":"GET /api/posts/all"}
{"level":"info","message":"GET /api/posts/all"}
{"level":"info","message":"POST /api/posts/add"}
{"level":"info","message":"GET /api/posts/all"}
{"level":"info","message":"GET /api/posts/all"}
{"level":"info","message":"GET /api/posts/all"}
{"level":"info","message":"POST /api/posts/add"}
{"level":"info","message":"GET /api/posts/all"}
{"level":"info","message":"GET /api/posts/all"}
{"level":"info","message":"POST /api/posts/add"}
{"level":"info","message":"POST /api/auth/login"}
{"level":"info","message":"GET /api/posts/all"}
{"level":"info","message":"GET /api/posts/all"}
{"level":"info","message":"POST /api/posts/add"}
{"level":"info","message":"GET /api/posts/all"}
{"level":"info","message":"GET /api/posts/all"}
{"level":"info","message":"PUT /api/posts/edit/67bd8bf3b3c5e74e2967bbe9"}
{"level":"info","message":"PUT /api/posts/edit/67bd912cb3c5e74e2967bc01"}
{"level":"info","message":"PUT /api/posts/edit/67bd8bdfb3c5e74e2967bbe3"}
{"level":"info","message":"POST /api/posts/add"}
{"level":"info","message":"GET /api/posts/all"}
{"level":"info","message":"GET /api/posts/all"}
{"level":"info","message":"GET /api/posts/all"}
{"level":"info","message":"GET /api/posts/all"}
{"level":"info","message":"POST /api/posts/add"}
{"level":"info","message":"GET /api/posts/all"}
{"level":"info","message":"GET /api/posts/all"}
{"level":"info","message":"DELETE /api/posts/delete/67bd935bb3c5e74e2967bc06"}
{"level":"info","message":"DELETE /api/posts/delete/67bd912cb3c5e74e2967bc01"}
{"level":"info","message":"DELETE /api/posts/delete/67bd911ab3c5e74e2967bbfd"}
{"level":"info","message":"DELETE /api/posts/delete/67bd8fa5b3c5e74e2967bbf8"}
{"level":"info","message":"DELETE /api/posts/delete/67bd8e32b3c5e74e2967bbf4"}
{"level":"info","message":"DELETE /api/posts/delete/67bd939cb3c5e74e2967bc0d"}
{"level":"info","message":"DELETE /api/posts/delete/67bd947db3c5e74e2967bc13"}
{"level":"info","message":"GET /api/posts/all"}
{"level":"info","message":"GET /api/posts/all"}
{"level":"info","message":"DELETE /api/posts/delete/67bd8bdfb3c5e74e2967bbe3"}
{"level":"info","message":"GET /api/posts/all"}
{"level":"info","message":"GET /api/posts/all"}
{"level":"info","message":"GET /api/posts/all"}
{"level":"info","message":"GET /api/posts/all"}
{"level":"info","message":"GET /api/posts/all"}
{"level":"info","message":"GET /api/posts/all"}
{"level":"info","message":"GET /api/posts/all"}
{"level":"info","message":"POST /api/posts/add"}
{"level":"info","message":"GET /api/posts/all"}
{"level":"info","message":"POST /api/posts/add"}
{"level":"info","message":"GET /api/posts/all"}
{"level":"info","message":"PUT /api/posts/edit/67bd862bb85df680129f59bb"}
{"level":"info","message":"GET /api/posts/all"}
{"level":"info","message":"DELETE /api/posts/delete/67bd8be0b3c5e74e2967bbe5"}
{"level":"info","message":"GET /api/posts/all"}
{"level":"info","message":"DELETE /api/posts/delete/67bd862bb85df680129f59bb"}
{"level":"info","message":"GET /api/posts/all"}
{"level":"info","message":"PUT /api/posts/edit/67bd8256e61ebff78dbe88ef"}
{"level":"info","message":"GET /api/posts/all"}
{"level":"info","message":"GET /api/posts/all"}
{"level":"info","message":"GET /api/posts/all"}
{"level":"info","message":"GET /api/posts/all"}
{"level":"info","message":"GET /api/posts/all"}
{"level":"info","message":"GET /api/posts/all"}
{"level":"info","message":"GET /api/posts/all"}
{"level":"info","message":"GET /api/posts/all"}
{"level":"info","message":"GET /api/posts/all"}
{"level":"info","message":"GET /api/posts/all"}
{"level":"info","message":"GET /api/posts/all"}
{"level":"info","message":"GET /api/posts/all"}
{"level":"info","message":"GET /api/posts/all"}
{"level":"info","message":"GET /api/posts/all"}
{"level":"info","message":"GET /api/posts/all"}
{"level":"info","message":"GET /api/posts/all"}
{"level":"info","message":"GET /api/posts/all"}
{"level":"info","message":"GET /api/posts/all"}
{"level":"info","message":"GET /api/posts/all"}
{"level":"info","message":"GET /api/posts/all"}
{"level":"info","message":"GET /api/posts/all"}
{"level":"info","message":"GET /api/posts/all"}
{"level":"info","message":"POST /api/auth/register"}
{"level":"info","message":"POST /api/auth/login"}
{"level":"info","message":"GET /api/posts/all"}
{"level":"info","message":"GET /api/posts/all"}
{"level":"info","message":"POST /api/posts/add"}
{"level":"info","message":"GET /api/posts/all"}
{"level":"info","message":"POST /api/posts/add"}
{"level":"info","message":"GET /api/posts/all"}
{"level":"info","message":"GET /api/posts/all"}
{"level":"info","message":"GET /api/posts/all"}
{"level":"info","message":"DELETE /api/posts/delete/67bd9b848d4dd5429ace44ea"}
{"level":"info","message":"GET /api/posts/all"}
{"level":"info","message":"DELETE /api/posts/delete/67bd9b8b8d4dd5429ace44ee"}
{"level":"info","message":"GET /api/posts/all"}
{"level":"info","message":"GET /api/posts/all"}
{"level":"info","message":"GET /api/posts/all"}
{"level":"info","message":"POST /api/posts/add"}
{"level":"info","message":"GET /api/posts/all"}
{"level":"info","message":"POST /api/posts/add"}
{"level":"info","message":"GET /api/posts/all"}
{"level":"info","message":"POST /api/posts/add"}
{"level":"info","message":"GET /api/posts/all"}
{"level":"info","message":"GET /api/posts/all"}
{"level":"info","message":"GET /api/posts/all"}
{"level":"info","message":"PUT /api/posts/edit/67bd9be38d4dd5429ace4500"}
{"level":"info","message":"GET /api/posts/all"}
{"level":"info","message":"POST /api/auth/login"}
{"level":"info","message":"POST /api/auth/login"}
{"level":"info","message":"POST /api/auth/login"}
{"level":"info","message":"GET /api/posts/all"}
{"level":"info","message":"GET /api/posts/all"}
{"level":"info","message":"POST /api/auth/login"}
{"level":"info","message":"GET /api/posts/all"}
{"level":"info","message":"GET /api/posts/all"}
